::1 - - [22/Apr/2020:02:33:05 +0200] "GET / HTTP/1.1" 200 285
::1 - - [22/Apr/2020:02:33:05 +0200] "GET /favicon.ico HTTP/1.1" 404 209
::1 - - [22/Apr/2020:02:33:09 +0200] "GET /work/ HTTP/1.1" 200 4175
::1 - - [22/Apr/2020:02:33:09 +0200] "GET /work/style.css HTTP/1.1" 200 1159
::1 - - [22/Apr/2020:02:33:09 +0200] "GET /work/startimage.jpeg HTTP/1.1" 200 113634
::1 - - [22/Apr/2020:02:33:09 +0200] "GET /work/upwork.png HTTP/1.1" 200 2423
::1 - - [22/Apr/2020:02:33:17 +0200] "GET /work/worktab/worktab.php HTTP/1.1" 200 6392
::1 - - [22/Apr/2020:02:33:17 +0200] "GET /work/worktab/slika2.png HTTP/1.1" 200 17779
::1 - - [22/Apr/2020:02:33:17 +0200] "GET /work/worktab/upwork.png HTTP/1.1" 200 2423
::1 - - [22/Apr/2020:02:33:17 +0200] "GET /work/worktab/slika3.png HTTP/1.1" 200 26977
::1 - - [22/Apr/2020:02:33:17 +0200] "GET /work/worktab/slika5.png HTTP/1.1" 200 9112
::1 - - [22/Apr/2020:02:33:17 +0200] "GET /work/worktab/slika6.png HTTP/1.1" 200 28711
::1 - - [22/Apr/2020:02:33:21 +0200] "GET /work/index.php HTTP/1.1" 200 4175
::1 - - [22/Apr/2020:02:33:22 +0200] "GET /work/login/personal.php HTTP/1.1" 200 4124
::1 - - [22/Apr/2020:02:33:22 +0200] "GET /work/login/style.css HTTP/1.1" 200 1159
::1 - - [22/Apr/2020:02:33:22 +0200] "GET /work/login/upwork.png HTTP/1.1" 200 2423
::1 - - [22/Apr/2020:02:33:25 +0200] "POST /work/dashboard/personal.php HTTP/1.1" 302 63
::1 - - [22/Apr/2020:02:33:25 +0200] "GET /work/loginerror/error.php HTTP/1.1" 200 4098
::1 - - [22/Apr/2020:02:33:25 +0200] "GET /work/loginerror/images/slika.jpg HTTP/1.1" 404 230
::1 - - [22/Apr/2020:02:33:25 +0200] "GET /work/loginerror/slika.jpg HTTP/1.1" 404 223
::1 - - [22/Apr/2020:02:33:25 +0200] "GET /work/loginerror/style.css HTTP/1.1" 200 1159
::1 - - [22/Apr/2020:02:33:25 +0200] "GET /work/loginerror/upwork.png HTTP/1.1" 200 2423
::1 - - [22/Apr/2020:02:33:26 +0200] "GET /work/login/company.php HTTP/1.1" 200 4110
::1 - - [22/Apr/2020:02:33:29 +0200] "GET /phpmyadmin HTTP/1.1" 301 241
::1 - - [22/Apr/2020:02:33:29 +0200] "GET /phpmyadmin/ HTTP/1.1" 200 7812
::1 - - [22/Apr/2020:02:33:31 +0200] "GET /phpmyadmin/js/cross_framing_protection.js?ts=1324476472 HTTP/1.1" 200 331
::1 - - [22/Apr/2020:02:33:31 +0200] "GET /phpmyadmin/themes/pmahomme/jquery/jquery-ui-1.8.custom.css HTTP/1.1" 200 30846
::1 - - [22/Apr/2020:02:33:31 +0200] "GET /phpmyadmin/js/update-location.js?ts=1324476472 HTTP/1.1" 200 758
::1 - - [22/Apr/2020:02:33:31 +0200] "GET /phpmyadmin/js/jquery/jquery.qtip-1.0.0.min.js?ts=1324476472 HTTP/1.1" 200 38434
::1 - - [22/Apr/2020:02:33:31 +0200] "GET /phpmyadmin/js/functions.js?ts=1324476472 HTTP/1.1" 200 31563
::1 - - [22/Apr/2020:02:33:31 +0200] "GET /phpmyadmin/js/jquery/jquery-1.4.4.js?ts=1324476472 HTTP/1.1" 200 78268
::1 - - [22/Apr/2020:02:33:31 +0200] "GET /phpmyadmin/themes/pmahomme/img/logo_right.png HTTP/1.1" 200 4921
::1 - - [22/Apr/2020:02:33:31 +0200] "GET /phpmyadmin/themes/pmahomme/img/b_help.png HTTP/1.1" 200 1594
::1 - - [22/Apr/2020:02:33:31 +0200] "GET /phpmyadmin/print.css HTTP/1.1" 200 1064
::1 - - [22/Apr/2020:02:33:31 +0200] "GET /phpmyadmin/phpmyadmin.css.php?server=1&lang=en&collation_connection=utf8_general_ci&token=05b4c8445e07dcf2d6e09a5edfcaec1c&js_frame=right&nocache=3975607599 HTTP/1.1" 200 41672
::1 - - [22/Apr/2020:02:33:31 +0200] "GET /phpmyadmin/js/messages.php?lang=en&db=&collation_connection=utf8_general_ci&token=05b4c8445e07dcf2d6e09a5edfcaec1c HTTP/1.1" 200 4934
::1 - - [22/Apr/2020:02:33:31 +0200] "GET /phpmyadmin/themes/pmahomme/img/input_bg.gif HTTP/1.1" 200 162
::1 - - [22/Apr/2020:02:33:31 +0200] "GET /phpmyadmin/favicon.ico HTTP/1.1" 200 18902
::1 - - [22/Apr/2020:02:33:34 +0200] "GET /work/ HTTP/1.1" 200 4175
::1 - - [22/Apr/2020:02:33:34 +0200] "GET /work/worktab/worktab.php HTTP/1.1" 200 6392
::1 - - [22/Apr/2020:02:33:34 +0200] "GET /work/helptab/helptab.php HTTP/1.1" 200 3819
::1 - - [22/Apr/2020:02:33:34 +0200] "GET /work/helptab/upwork.png HTTP/1.1" 200 2423
::1 - - [22/Apr/2020:02:33:38 +0200] "POST /phpmyadmin/index.php HTTP/1.1" 302 -
::1 - - [22/Apr/2020:02:33:38 +0200] "GET /phpmyadmin/index.php?token=05b4c8445e07dcf2d6e09a5edfcaec1c HTTP/1.1" 200 7491
::1 - - [22/Apr/2020:02:33:38 +0200] "GET /phpmyadmin/phpmyadmin.css.php?server=1&token=05b4c8445e07dcf2d6e09a5edfcaec1c&js_frame=right&nocache=3975607599 HTTP/1.1" 200 41672
::1 - - [22/Apr/2020:02:33:38 +0200] "GET /phpmyadmin/js/messages.php?lang=en&db=&token=05b4c8445e07dcf2d6e09a5edfcaec1c HTTP/1.1" 200 4934
::1 - - [22/Apr/2020:02:33:38 +0200] "GET /phpmyadmin/themes/pmahomme/img/s_error.png HTTP/1.1" 200 701
::1 - - [22/Apr/2020:02:33:42 +0200] "POST /phpmyadmin/index.php HTTP/1.1" 302 -
::1 - - [22/Apr/2020:02:33:42 +0200] "GET /phpmyadmin/index.php?token=05b4c8445e07dcf2d6e09a5edfcaec1c HTTP/1.1" 200 2590
::1 - - [22/Apr/2020:02:33:43 +0200] "GET /phpmyadmin/js/common.js?ts=1324476472 HTTP/1.1" 200 5294
::1 - - [22/Apr/2020:02:33:43 +0200] "GET /phpmyadmin/js/jquery/jquery.sprintf.js?ts=1324476472 HTTP/1.1" 200 987
::1 - - [22/Apr/2020:02:33:43 +0200] "GET /phpmyadmin/main.php?token=05b4c8445e07dcf2d6e09a5edfcaec1c HTTP/1.1" 200 37829
::1 - - [22/Apr/2020:02:33:43 +0200] "GET /phpmyadmin/themes/pmahomme/img/s_db.png HTTP/1.1" 200 390
::1 - - [22/Apr/2020:02:33:43 +0200] "GET /phpmyadmin/js/config.js?ts=1324476472 HTTP/1.1" 200 9480
::1 - - [22/Apr/2020:02:33:43 +0200] "GET /phpmyadmin/themes/pmahomme/img/s_host.png HTTP/1.1" 200 667
::1 - - [22/Apr/2020:02:33:43 +0200] "GET /phpmyadmin/phpmyadmin.css.php?server=1&token=05b4c8445e07dcf2d6e09a5edfcaec1c&js_frame=right&nocache=5563123222 HTTP/1.1" 200 41672
::1 - - [22/Apr/2020:02:33:43 +0200] "GET /phpmyadmin/themes/pmahomme/img/b_sql.png HTTP/1.1" 200 748
::1 - - [22/Apr/2020:02:33:43 +0200] "GET /phpmyadmin/js/jquery/jquery-ui-1.8.custom.js?ts=1324476472 HTTP/1.1" 200 190765
::1 - - [22/Apr/2020:02:33:43 +0200] "GET /phpmyadmin/themes/pmahomme/img/s_status.png HTTP/1.1" 200 673
::1 - - [22/Apr/2020:02:33:43 +0200] "GET /phpmyadmin/themes/pmahomme/img/s_process.png HTTP/1.1" 200 512
::1 - - [22/Apr/2020:02:33:43 +0200] "GET /phpmyadmin/themes/pmahomme/img/b_export.png HTTP/1.1" 200 641
::1 - - [22/Apr/2020:02:33:43 +0200] "GET /phpmyadmin/themes/pmahomme/img/s_asci.png HTTP/1.1" 200 209
::1 - - [22/Apr/2020:02:33:43 +0200] "GET /phpmyadmin/navigation.php?token=05b4c8445e07dcf2d6e09a5edfcaec1c HTTP/1.1" 200 4159
::1 - - [22/Apr/2020:02:33:43 +0200] "GET /phpmyadmin/themes/pmahomme/img/s_replication.png HTTP/1.1" 200 447
::1 - - [22/Apr/2020:02:33:43 +0200] "GET /phpmyadmin/themes/pmahomme/img/s_vars.png HTTP/1.1" 200 603
::1 - - [22/Apr/2020:02:33:43 +0200] "GET /phpmyadmin/themes/pmahomme/img/b_import.png HTTP/1.1" 200 629
::1 - - [22/Apr/2020:02:33:43 +0200] "GET /phpmyadmin/themes/pmahomme/img/b_tblops.png HTTP/1.1" 200 610
::1 - - [22/Apr/2020:02:33:43 +0200] "GET /phpmyadmin/themes/pmahomme/img/s_rights.png HTTP/1.1" 200 533
::1 - - [22/Apr/2020:02:33:43 +0200] "GET /phpmyadmin/themes/pmahomme/img/s_sync.png HTTP/1.1" 200 551
::1 - - [22/Apr/2020:02:33:43 +0200] "GET /phpmyadmin/themes/pmahomme/img/b_engine.png HTTP/1.1" 200 468
::1 - - [22/Apr/2020:02:33:43 +0200] "GET /phpmyadmin/themes/pmahomme/img/tab_bg.png HTTP/1.1" 200 160
::1 - - [22/Apr/2020:02:33:43 +0200] "GET /phpmyadmin/themes/pmahomme/img/s_passwd.png HTTP/1.1" 200 435
::1 - - [22/Apr/2020:02:33:43 +0200] "GET /phpmyadmin/themes/pmahomme/img/s_notice.png HTTP/1.1" 200 666
::1 - - [22/Apr/2020:02:33:43 +0200] "GET /phpmyadmin/themes/pmahomme/img/s_theme.png HTTP/1.1" 200 856
::1 - - [22/Apr/2020:02:33:43 +0200] "GET /phpmyadmin/themes/pmahomme/img/s_lang.png HTTP/1.1" 200 743
::1 - - [22/Apr/2020:02:33:43 +0200] "GET /phpmyadmin/themes/pmahomme/img/window-new.png HTTP/1.1" 200 583
::1 - - [22/Apr/2020:02:33:43 +0200] "GET /phpmyadmin/themes/pmahomme/img/b_more.png HTTP/1.1" 200 1002
::1 - - [22/Apr/2020:02:33:43 +0200] "GET /phpmyadmin/js/functions.js HTTP/1.1" 200 31563
::1 - - [22/Apr/2020:02:33:43 +0200] "GET /phpmyadmin/js/jquery/jquery-1.4.4.js HTTP/1.1" 200 78268
::1 - - [22/Apr/2020:02:33:43 +0200] "GET /phpmyadmin/themes/pmahomme/img/logo_left.png HTTP/1.1" 200 4970
::1 - - [22/Apr/2020:02:33:43 +0200] "GET /phpmyadmin/js/navigation.js HTTP/1.1" 200 2521
::1 - - [22/Apr/2020:02:33:43 +0200] "GET /phpmyadmin/themes/pmahomme/img/s_loggoff.png HTTP/1.1" 200 688
::1 - - [22/Apr/2020:02:33:43 +0200] "GET /phpmyadmin/themes/pmahomme/img/b_home.png HTTP/1.1" 200 806
::1 - - [22/Apr/2020:02:33:43 +0200] "GET /phpmyadmin/themes/pmahomme/img/b_selboard.png HTTP/1.1" 200 698
::1 - - [22/Apr/2020:02:33:43 +0200] "GET /phpmyadmin/themes/pmahomme/img/b_sqlhelp.png HTTP/1.1" 200 579
::1 - - [22/Apr/2020:02:33:43 +0200] "GET /phpmyadmin/themes/pmahomme/img/b_docs.png HTTP/1.1" 200 786
::1 - - [22/Apr/2020:02:33:43 +0200] "GET /phpmyadmin/themes/pmahomme/img/s_reload.png HTTP/1.1" 200 608
::1 - - [22/Apr/2020:02:33:43 +0200] "GET /phpmyadmin/phpmyadmin.css.php?token=05b4c8445e07dcf2d6e09a5edfcaec1c&js_frame=left&nocache=5563123222 HTTP/1.1" 200 5861
::1 - - [22/Apr/2020:02:33:44 +0200] "GET /phpmyadmin/themes/pmahomme/img/left_nav_bg.png HTTP/1.1" 200 215
::1 - - [22/Apr/2020:02:33:44 +0200] "GET /phpmyadmin/themes/pmahomme/img/database.png HTTP/1.1" 200 390
::1 - - [22/Apr/2020:02:33:45 +0200] "GET /phpmyadmin/index.php?db=baza&token=05b4c8445e07dcf2d6e09a5edfcaec1c HTTP/1.1" 200 2626
::1 - - [22/Apr/2020:02:33:45 +0200] "GET /phpmyadmin/navigation.php?token=05b4c8445e07dcf2d6e09a5edfcaec1c&db=baza HTTP/1.1" 200 6498
::1 - - [22/Apr/2020:02:33:45 +0200] "GET /phpmyadmin/themes/pmahomme/img/b_sbrowse.png HTTP/1.1" 200 566
::1 - - [22/Apr/2020:02:33:45 +0200] "GET /phpmyadmin/themes/pmahomme/img/b_snewtbl.png HTTP/1.1" 200 733
::1 - - [22/Apr/2020:02:33:45 +0200] "GET /phpmyadmin/themes/pmahomme/img/item_ltr.png HTTP/1.1" 200 162
::1 - - [22/Apr/2020:02:33:45 +0200] "GET /phpmyadmin/themes/pmahomme/img/b_props.png HTTP/1.1" 200 663
::1 - - [22/Apr/2020:02:33:45 +0200] "GET /phpmyadmin/js/db_structure.js?ts=1324476472 HTTP/1.1" 200 3178
::1 - - [22/Apr/2020:02:33:45 +0200] "GET /phpmyadmin/themes/pmahomme/img/b_search.png HTTP/1.1" 200 615
::1 - - [22/Apr/2020:02:33:46 +0200] "GET /phpmyadmin/themes/pmahomme/img/s_asc.png HTTP/1.1" 200 201
::1 - - [22/Apr/2020:02:33:46 +0200] "GET /phpmyadmin/themes/pmahomme/img/b_browse.png HTTP/1.1" 200 566
::1 - - [22/Apr/2020:02:33:46 +0200] "GET /phpmyadmin/themes/pmahomme/img/b_select.png HTTP/1.1" 200 680
::1 - - [22/Apr/2020:02:33:46 +0200] "GET /phpmyadmin/themes/pmahomme/img/b_insrow.png HTTP/1.1" 200 228
::1 - - [22/Apr/2020:02:33:46 +0200] "GET /phpmyadmin/themes/pmahomme/img/b_empty.png HTTP/1.1" 200 363
::1 - - [22/Apr/2020:02:33:46 +0200] "GET /phpmyadmin/themes/pmahomme/img/b_drop.png HTTP/1.1" 200 715
::1 - - [22/Apr/2020:02:33:45 +0200] "GET /phpmyadmin/db_structure.php?token=05b4c8445e07dcf2d6e09a5edfcaec1c&db=baza HTTP/1.1" 200 23822
::1 - - [22/Apr/2020:02:33:45 +0200] "GET /phpmyadmin/js/messages.php?lang=en&db=baza&token=05b4c8445e07dcf2d6e09a5edfcaec1c HTTP/1.1" 200 4938
::1 - - [22/Apr/2020:02:33:46 +0200] "GET /phpmyadmin/themes/pmahomme/img/arrow_ltr.png HTTP/1.1" 200 184
::1 - - [22/Apr/2020:02:33:46 +0200] "GET /phpmyadmin/themes/pmahomme/img/b_newtbl.png HTTP/1.1" 200 325
::1 - - [22/Apr/2020:02:33:46 +0200] "GET /phpmyadmin/themes/pmahomme/img/b_tblanalyse.png HTTP/1.1" 200 234
::1 - - [22/Apr/2020:02:33:46 +0200] "GET /phpmyadmin/themes/pmahomme/img/b_print.png HTTP/1.1" 200 731
::1 - - [22/Apr/2020:02:33:47 +0200] "GET /phpmyadmin/themes/pmahomme/img/marked_bg.png HTTP/1.1" 200 977
::1 - - [22/Apr/2020:02:33:47 +0200] "GET /phpmyadmin/themes/pmahomme/img/s_desc.png HTTP/1.1" 200 201
::1 - - [22/Apr/2020:02:33:47 +0200] "GET /phpmyadmin/themes/pmahomme/img/tab_hover_bg.png HTTP/1.1" 200 1278
::1 - - [22/Apr/2020:02:33:50 +0200] "GET /phpmyadmin/sql.php?db=baza&token=05b4c8445e07dcf2d6e09a5edfcaec1c&table=personal&pos=0 HTTP/1.1" 200 53168
::1 - - [22/Apr/2020:02:33:50 +0200] "GET /phpmyadmin/js/pMap.js?ts=1324476472 HTTP/1.1" 200 1915
::1 - - [22/Apr/2020:02:33:51 +0200] "GET /phpmyadmin/themes/pmahomme/img/s_tbl.png HTTP/1.1" 200 714
::1 - - [22/Apr/2020:02:33:51 +0200] "GET /phpmyadmin/themes/pmahomme/img/b_tblexport.png HTTP/1.1" 200 641
::1 - - [22/Apr/2020:02:33:51 +0200] "GET /phpmyadmin/js/sql.js?ts=1324476472 HTTP/1.1" 200 15945
::1 - - [22/Apr/2020:02:33:51 +0200] "GET /phpmyadmin/themes/pmahomme/img/s_fulltext.png HTTP/1.1" 200 244
::1 - - [22/Apr/2020:02:33:51 +0200] "GET /phpmyadmin/themes/pmahomme/img/b_tblimport.png HTTP/1.1" 200 629
::1 - - [22/Apr/2020:02:33:51 +0200] "GET /phpmyadmin/themes/pmahomme/img/b_edit.png HTTP/1.1" 200 444
::1 - - [22/Apr/2020:02:33:51 +0200] "GET /phpmyadmin/themes/pmahomme/img/s_success.png HTTP/1.1" 200 537
::1 - - [22/Apr/2020:02:33:51 +0200] "GET /phpmyadmin/themes/pmahomme/img/b_views.png HTTP/1.1" 200 700
::1 - - [22/Apr/2020:02:33:51 +0200] "GET /phpmyadmin/themes/pmahomme/img/b_chart.png HTTP/1.1" 200 541
::1 - - [22/Apr/2020:02:33:51 +0200] "GET /phpmyadmin/themes/pmahomme/img/b_inline_edit.png HTTP/1.1" 200 618
::1 - - [22/Apr/2020:02:33:54 +0200] "GET /phpmyadmin/sql.php?db=baza&token=05b4c8445e07dcf2d6e09a5edfcaec1c&table=company&pos=0 HTTP/1.1" 200 45960
::1 - - [22/Apr/2020:02:33:55 +0200] "GET /phpmyadmin/sql.php?db=baza&token=05b4c8445e07dcf2d6e09a5edfcaec1c&table=job&pos=0 HTTP/1.1" 200 48010
::1 - - [22/Apr/2020:02:33:55 +0200] "GET /phpmyadmin/sql.php?db=baza&token=05b4c8445e07dcf2d6e09a5edfcaec1c&table=company&pos=0 HTTP/1.1" 200 45960
::1 - - [22/Apr/2020:02:34:03 +0200] "GET /work/ HTTP/1.1" 200 4175
::1 - - [22/Apr/2020:02:34:05 +0200] "GET /work/login/company.php HTTP/1.1" 200 4110
::1 - - [22/Apr/2020:02:34:09 +0200] "POST /work/dashboard/company.php HTTP/1.1" 302 59
::1 - - [22/Apr/2020:02:34:09 +0200] "GET /work/loginerror/error.php HTTP/1.1" 200 4098
::1 - - [22/Apr/2020:02:34:09 +0200] "GET /work/loginerror/slika.jpg HTTP/1.1" 404 223
::1 - - [22/Apr/2020:02:34:09 +0200] "GET /work/loginerror/images/slika.jpg HTTP/1.1" 404 230
::1 - - [22/Apr/2020:02:34:15 +0200] "GET /work/login/company.php HTTP/1.1" 200 4110
::1 - - [22/Apr/2020:02:34:18 +0200] "POST /work/dashboard/company.php HTTP/1.1" 302 59
::1 - - [22/Apr/2020:02:34:18 +0200] "GET /work/loginerror/error.php HTTP/1.1" 200 4098
::1 - - [22/Apr/2020:02:34:18 +0200] "GET /work/loginerror/images/slika.jpg HTTP/1.1" 404 230
::1 - - [22/Apr/2020:02:34:18 +0200] "GET /work/loginerror/slika.jpg HTTP/1.1" 404 223
::1 - - [22/Apr/2020:02:34:19 +0200] "GET /work/login/company.php HTTP/1.1" 200 4110
::1 - - [22/Apr/2020:02:34:24 +0200] "POST /work/dashboard/company.php HTTP/1.1" 302 59
::1 - - [22/Apr/2020:02:34:24 +0200] "GET /work/loginerror/error.php HTTP/1.1" 200 4098
::1 - - [22/Apr/2020:02:34:24 +0200] "GET /work/loginerror/slika.jpg HTTP/1.1" 404 223
::1 - - [22/Apr/2020:02:34:24 +0200] "GET /work/loginerror/images/slika.jpg HTTP/1.1" 404 230
::1 - - [22/Apr/2020:02:34:42 +0200] "GET /work/login/company.php HTTP/1.1" 200 4110
::1 - - [22/Apr/2020:02:34:43 +0200] "GET /work/forgetpassword/forget.php HTTP/1.1" 200 3940
::1 - - [22/Apr/2020:02:34:43 +0200] "GET /work/forgetpassword/slika.jpg HTTP/1.1" 404 227
::1 - - [22/Apr/2020:02:34:43 +0200] "GET /work/forgetpassword/images/slika.jpg HTTP/1.1" 404 234
::1 - - [22/Apr/2020:02:34:43 +0200] "GET /work/forgetpassword/style.css HTTP/1.1" 200 1159
::1 - - [22/Apr/2020:02:34:43 +0200] "GET /work/forgetpassword/upwork.png HTTP/1.1" 200 2423
::1 - - [22/Apr/2020:02:34:44 +0200] "GET /work/forgetpassword/company.php HTTP/1.1" 200 3934
::1 - - [22/Apr/2020:02:34:44 +0200] "GET /work/forgetpassword/slika.jpg HTTP/1.1" 404 227
::1 - - [22/Apr/2020:02:34:44 +0200] "GET /work/forgetpassword/images/slika.jpg HTTP/1.1" 404 234
::1 - - [22/Apr/2020:02:34:56 +0200] "POST /work/forgetpassword/logincompany.php HTTP/1.1" 302 59
::1 - - [22/Apr/2020:02:34:56 +0200] "GET /work/loginerror/error1.php HTTP/1.1" 200 4093
::1 - - [22/Apr/2020:02:34:56 +0200] "GET /work/loginerror/slika.jpg HTTP/1.1" 404 223
::1 - - [22/Apr/2020:02:34:56 +0200] "GET /work/loginerror/images/slika.jpg HTTP/1.1" 404 230
::1 - - [22/Apr/2020:02:34:59 +0200] "GET /work/login/company.php HTTP/1.1" 200 4110
::1 - - [22/Apr/2020:02:35:01 +0200] "GET /work/forgetpassword/forget.php HTTP/1.1" 200 3940
::1 - - [22/Apr/2020:02:35:01 +0200] "GET /work/forgetpassword/slika.jpg HTTP/1.1" 404 227
::1 - - [22/Apr/2020:02:35:01 +0200] "GET /work/forgetpassword/images/slika.jpg HTTP/1.1" 404 234
::1 - - [22/Apr/2020:02:35:02 +0200] "GET /work/forgetpassword/company.php HTTP/1.1" 200 3934
::1 - - [22/Apr/2020:02:35:03 +0200] "GET /work/forgetpassword/images/slika.jpg HTTP/1.1" 404 234
::1 - - [22/Apr/2020:02:35:03 +0200] "GET /work/forgetpassword/slika.jpg HTTP/1.1" 404 227
::1 - - [22/Apr/2020:02:35:07 +0200] "POST /work/forgetpassword/logincompany.php HTTP/1.1" 200 5176
::1 - - [22/Apr/2020:02:35:13 +0200] "GET /work/editpublic/company.php HTTP/1.1" 200 10171
::1 - - [22/Apr/2020:02:35:13 +0200] "GET /work/editpublic/style.css HTTP/1.1" 404 223
::1 - - [22/Apr/2020:02:35:13 +0200] "GET /work/editpublic/upwork.png HTTP/1.1" 200 2423
::1 - - [22/Apr/2020:02:35:14 +0200] "GET /work/post/hire.php HTTP/1.1" 200 6196
::1 - - [22/Apr/2020:02:35:14 +0200] "GET /work/post/style.css HTTP/1.1" 404 217
::1 - - [22/Apr/2020:02:35:14 +0200] "GET /work/post/upwork.png HTTP/1.1" 200 2423
::1 - - [22/Apr/2020:02:35:15 +0200] "GET /work/posts/cvpost.php HTTP/1.1" 200 9611
::1 - - [22/Apr/2020:02:35:15 +0200] "GET /work/posts/style.css HTTP/1.1" 404 218
::1 - - [22/Apr/2020:02:35:15 +0200] "GET /work/posts/upwork.png HTTP/1.1" 200 2423
::1 - - [22/Apr/2020:02:35:15 +0200] "GET /work/post/hire.php HTTP/1.1" 200 6196
::1 - - [22/Apr/2020:02:35:15 +0200] "GET /work/post/style.css HTTP/1.1" 404 217
::1 - - [22/Apr/2020:02:35:18 +0200] "GET /work/editprivate/company.php HTTP/1.1" 200 7437
::1 - - [22/Apr/2020:02:35:18 +0200] "GET /work/editprivate/style.css HTTP/1.1" 404 224
::1 - - [22/Apr/2020:02:35:18 +0200] "GET /work/editprivate/upwork.png HTTP/1.1" 200 2423
::1 - - [22/Apr/2020:02:35:19 +0200] "GET /work/editpublic/company.php HTTP/1.1" 200 10171
::1 - - [22/Apr/2020:02:35:19 +0200] "GET /work/editpublic/style.css HTTP/1.1" 404 223
::1 - - [22/Apr/2020:02:35:25 +0200] "GET /work/editprivate/company.php HTTP/1.1" 200 7437
::1 - - [22/Apr/2020:02:35:25 +0200] "GET /work/editprivate/style.css HTTP/1.1" 404 224
::1 - - [22/Apr/2020:02:35:26 +0200] "GET /work/post/hire.php HTTP/1.1" 200 6196
::1 - - [22/Apr/2020:02:35:26 +0200] "GET /work/post/style.css HTTP/1.1" 404 217
::1 - - [22/Apr/2020:02:35:27 +0200] "GET /work/posts/cvpost.php HTTP/1.1" 200 9611
::1 - - [22/Apr/2020:02:35:27 +0200] "GET /work/posts/style.css HTTP/1.1" 404 218
