[Wed Apr 22 02:32:59 2020] [notice] Apache/2.2.21 (Win32) PHP/5.3.9 configured -- resuming normal operations
[Wed Apr 22 02:32:59 2020] [notice] Server built: Sep 10 2011 11:34:11
[Wed Apr 22 02:32:59 2020] [notice] Parent: Created child process 3120
[Wed Apr 22 02:32:59 2020] [notice] Child 3120: Child process is running
[Wed Apr 22 02:32:59 2020] [notice] Child 3120: Acquired the start mutex.
[Wed Apr 22 02:32:59 2020] [notice] Child 3120: Starting 64 worker threads.
[Wed Apr 22 02:32:59 2020] [notice] Child 3120: Starting thread to listen on port 8080.
[Wed Apr 22 02:32:59 2020] [notice] Child 3120: Starting thread to listen on port 8080.
[Wed Apr 22 02:33:05 2020] [error] [client ::1] File does not exist: C:/Users/m-vas/Google Drive/CV/LastUpdateWebApp/LastUpdateWebApp/USBWebserver v8.5/8.5/root/favicon.ico, referer: http://localhost:8080/
[Wed Apr 22 02:33:25 2020] [error] [client ::1] File does not exist: C:/Users/m-vas/Google Drive/CV/LastUpdateWebApp/LastUpdateWebApp/USBWebserver v8.5/8.5/root/work/loginerror/images, referer: http://localhost:8080/work/loginerror/error.php
[Wed Apr 22 02:33:25 2020] [error] [client ::1] File does not exist: C:/Users/m-vas/Google Drive/CV/LastUpdateWebApp/LastUpdateWebApp/USBWebserver v8.5/8.5/root/work/loginerror/slika.jpg, referer: http://localhost:8080/work/loginerror/error.php
[Wed Apr 22 02:34:09 2020] [error] [client ::1] File does not exist: C:/Users/m-vas/Google Drive/CV/LastUpdateWebApp/LastUpdateWebApp/USBWebserver v8.5/8.5/root/work/loginerror/slika.jpg, referer: http://localhost:8080/work/loginerror/error.php
[Wed Apr 22 02:34:09 2020] [error] [client ::1] File does not exist: C:/Users/m-vas/Google Drive/CV/LastUpdateWebApp/LastUpdateWebApp/USBWebserver v8.5/8.5/root/work/loginerror/images, referer: http://localhost:8080/work/loginerror/error.php
[Wed Apr 22 02:34:18 2020] [error] [client ::1] File does not exist: C:/Users/m-vas/Google Drive/CV/LastUpdateWebApp/LastUpdateWebApp/USBWebserver v8.5/8.5/root/work/loginerror/slika.jpg, referer: http://localhost:8080/work/loginerror/error.php
[Wed Apr 22 02:34:18 2020] [error] [client ::1] File does not exist: C:/Users/m-vas/Google Drive/CV/LastUpdateWebApp/LastUpdateWebApp/USBWebserver v8.5/8.5/root/work/loginerror/images, referer: http://localhost:8080/work/loginerror/error.php
[Wed Apr 22 02:34:24 2020] [error] [client ::1] File does not exist: C:/Users/m-vas/Google Drive/CV/LastUpdateWebApp/LastUpdateWebApp/USBWebserver v8.5/8.5/root/work/loginerror/slika.jpg, referer: http://localhost:8080/work/loginerror/error.php
[Wed Apr 22 02:34:24 2020] [error] [client ::1] File does not exist: C:/Users/m-vas/Google Drive/CV/LastUpdateWebApp/LastUpdateWebApp/USBWebserver v8.5/8.5/root/work/loginerror/images, referer: http://localhost:8080/work/loginerror/error.php
[Wed Apr 22 02:34:43 2020] [error] [client ::1] File does not exist: C:/Users/m-vas/Google Drive/CV/LastUpdateWebApp/LastUpdateWebApp/USBWebserver v8.5/8.5/root/work/forgetpassword/slika.jpg, referer: http://localhost:8080/work/forgetpassword/forget.php
[Wed Apr 22 02:34:43 2020] [error] [client ::1] File does not exist: C:/Users/m-vas/Google Drive/CV/LastUpdateWebApp/LastUpdateWebApp/USBWebserver v8.5/8.5/root/work/forgetpassword/images, referer: http://localhost:8080/work/forgetpassword/forget.php
[Wed Apr 22 02:34:44 2020] [error] [client ::1] File does not exist: C:/Users/m-vas/Google Drive/CV/LastUpdateWebApp/LastUpdateWebApp/USBWebserver v8.5/8.5/root/work/forgetpassword/images, referer: http://localhost:8080/work/forgetpassword/company.php
[Wed Apr 22 02:34:44 2020] [error] [client ::1] File does not exist: C:/Users/m-vas/Google Drive/CV/LastUpdateWebApp/LastUpdateWebApp/USBWebserver v8.5/8.5/root/work/forgetpassword/slika.jpg, referer: http://localhost:8080/work/forgetpassword/company.php
[Wed Apr 22 02:34:56 2020] [error] [client ::1] File does not exist: C:/Users/m-vas/Google Drive/CV/LastUpdateWebApp/LastUpdateWebApp/USBWebserver v8.5/8.5/root/work/loginerror/slika.jpg, referer: http://localhost:8080/work/loginerror/error1.php
[Wed Apr 22 02:34:56 2020] [error] [client ::1] File does not exist: C:/Users/m-vas/Google Drive/CV/LastUpdateWebApp/LastUpdateWebApp/USBWebserver v8.5/8.5/root/work/loginerror/images, referer: http://localhost:8080/work/loginerror/error1.php
[Wed Apr 22 02:35:01 2020] [error] [client ::1] File does not exist: C:/Users/m-vas/Google Drive/CV/LastUpdateWebApp/LastUpdateWebApp/USBWebserver v8.5/8.5/root/work/forgetpassword/slika.jpg, referer: http://localhost:8080/work/forgetpassword/forget.php
[Wed Apr 22 02:35:01 2020] [error] [client ::1] File does not exist: C:/Users/m-vas/Google Drive/CV/LastUpdateWebApp/LastUpdateWebApp/USBWebserver v8.5/8.5/root/work/forgetpassword/images, referer: http://localhost:8080/work/forgetpassword/forget.php
[Wed Apr 22 02:35:03 2020] [error] [client ::1] File does not exist: C:/Users/m-vas/Google Drive/CV/LastUpdateWebApp/LastUpdateWebApp/USBWebserver v8.5/8.5/root/work/forgetpassword/slika.jpg, referer: http://localhost:8080/work/forgetpassword/company.php
[Wed Apr 22 02:35:03 2020] [error] [client ::1] File does not exist: C:/Users/m-vas/Google Drive/CV/LastUpdateWebApp/LastUpdateWebApp/USBWebserver v8.5/8.5/root/work/forgetpassword/images, referer: http://localhost:8080/work/forgetpassword/company.php
[Wed Apr 22 02:35:13 2020] [error] [client ::1] File does not exist: C:/Users/m-vas/Google Drive/CV/LastUpdateWebApp/LastUpdateWebApp/USBWebserver v8.5/8.5/root/work/editpublic/style.css, referer: http://localhost:8080/work/editpublic/company.php
[Wed Apr 22 02:35:14 2020] [error] [client ::1] File does not exist: C:/Users/m-vas/Google Drive/CV/LastUpdateWebApp/LastUpdateWebApp/USBWebserver v8.5/8.5/root/work/post/style.css, referer: http://localhost:8080/work/post/hire.php
[Wed Apr 22 02:35:15 2020] [error] [client ::1] File does not exist: C:/Users/m-vas/Google Drive/CV/LastUpdateWebApp/LastUpdateWebApp/USBWebserver v8.5/8.5/root/work/posts/style.css, referer: http://localhost:8080/work/posts/cvpost.php
[Wed Apr 22 02:35:15 2020] [error] [client ::1] File does not exist: C:/Users/m-vas/Google Drive/CV/LastUpdateWebApp/LastUpdateWebApp/USBWebserver v8.5/8.5/root/work/post/style.css, referer: http://localhost:8080/work/post/hire.php
[Wed Apr 22 02:35:18 2020] [error] [client ::1] File does not exist: C:/Users/m-vas/Google Drive/CV/LastUpdateWebApp/LastUpdateWebApp/USBWebserver v8.5/8.5/root/work/editprivate/style.css, referer: http://localhost:8080/work/editprivate/company.php
[Wed Apr 22 02:35:19 2020] [error] [client ::1] File does not exist: C:/Users/m-vas/Google Drive/CV/LastUpdateWebApp/LastUpdateWebApp/USBWebserver v8.5/8.5/root/work/editpublic/style.css, referer: http://localhost:8080/work/editpublic/company.php
[Wed Apr 22 02:35:25 2020] [error] [client ::1] File does not exist: C:/Users/m-vas/Google Drive/CV/LastUpdateWebApp/LastUpdateWebApp/USBWebserver v8.5/8.5/root/work/editprivate/style.css, referer: http://localhost:8080/work/editprivate/company.php
[Wed Apr 22 02:35:26 2020] [error] [client ::1] File does not exist: C:/Users/m-vas/Google Drive/CV/LastUpdateWebApp/LastUpdateWebApp/USBWebserver v8.5/8.5/root/work/post/style.css, referer: http://localhost:8080/work/post/hire.php
[Wed Apr 22 02:35:27 2020] [error] [client ::1] File does not exist: C:/Users/m-vas/Google Drive/CV/LastUpdateWebApp/LastUpdateWebApp/USBWebserver v8.5/8.5/root/work/posts/style.css, referer: http://localhost:8080/work/posts/cvpost.php
